Build started 2/17/2016 10:23:04 AM.
     1>Project "C:\Users\Alex Achenbach\Desktop\code\PegPuzzleSolver Master\PegPuzzleSolver Release\PegPuzzleSolver\PegPuzzleSolver.vcxproj" on node 2 (Build target(s)).
     1>ClCompile:
         C:\Program Files (x86)\Microsoft Visual Studio 13.0\VC\bin\CL.exe /c /ZI /nologo /W3 /WX- /sdl /Od /Oy- /D WIN32 /D _DEBUG /D _CONSOLE /D _LIB /D _UNICODE /D UNICODE /Gm /EHsc /RTC1 /MDd /GS /fp:precise /Zc:wchar_t /Zc:forScope /Fo"Debug\\" /Fd"Debug\vc120.pdb" /Gd /TP /analyze- /errorReport:prompt BoardState.cpp main.cpp misc.cpp State.cpp Transducer.cpp
         Transducer.cpp
         State.cpp
         misc.cpp
     1>c:\users\alex achenbach\desktop\code\pegpuzzlesolver master\pegpuzzlesolver release\pegpuzzlesolver\misc.cpp(56): warning C4129: '%' : unrecognized character escape sequence
         main.cpp
         BoardState.cpp
     1>c:\users\alex achenbach\desktop\code\pegpuzzlesolver master\pegpuzzlesolver release\pegpuzzlesolver\boardstate.cpp(361): warning C4800: 'bool *' : forcing value to bool 'true' or 'false' (performance warning)
     1>c:\users\alex achenbach\desktop\code\pegpuzzlesolver master\pegpuzzlesolver release\pegpuzzlesolver\boardstate.cpp(366): warning C4800: 'bool *' : forcing value to bool 'true' or 'false' (performance warning)
         Generating Code...
       Link:
         C:\Program Files (x86)\Microsoft Visual Studio 13.0\VC\bin\link.exe /ERRORREPORT:PROMPT /OUT:"C:\Users\Alex Achenbach\Desktop\code\PegPuzzleSolver Master\PegPuzzleSolver Release\Debug\PegPuzzleSolver.exe" /INCREMENTAL /NOLOGO kernel32.lib user32.lib gdi32.lib winspool.lib comdlg32.lib advapi32.lib shell32.lib ole32.lib oleaut32.lib uuid.lib odbc32.lib odbccp32.lib /MANIFEST /MANIFESTUAC:"level='asInvoker' uiAccess='false'" /manifest:embed /DEBUG /PDB:"C:\Users\Alex Achenbach\Desktop\code\PegPuzzleSolver Master\PegPuzzleSolver Release\Debug\PegPuzzleSolver.pdb" /SUBSYSTEM:CONSOLE /TLBID:1 /DYNAMICBASE /NXCOMPAT /IMPLIB:"C:\Users\Alex Achenbach\Desktop\code\PegPuzzleSolver Master\PegPuzzleSolver Release\Debug\PegPuzzleSolver.lib" /MACHINE:X86 Debug\BoardState.obj
         Debug\main.obj
         Debug\misc.obj
         Debug\State.obj
         Debug\Transducer.obj
         LINK : C:\Users\Alex Achenbach\Desktop\code\PegPuzzleSolver Master\PegPuzzleSolver Release\Debug\PegPuzzleSolver.exe not found or not built by the last incremental link; performing full link
         PegPuzzleSolver.vcxproj -> C:\Users\Alex Achenbach\Desktop\code\PegPuzzleSolver Master\PegPuzzleSolver Release\Debug\PegPuzzleSolver.exe
     1>Done Building Project "C:\Users\Alex Achenbach\Desktop\code\PegPuzzleSolver Master\PegPuzzleSolver Release\PegPuzzleSolver\PegPuzzleSolver.vcxproj" (Build target(s)).

Build succeeded.

Time Elapsed 00:00:06.15
